<?xml version="1.0" encoding="UTF-8"?>
<testng-results ignored="3" total="5" passed="2" failed="0" skipped="0">
  <reporter-output>
    <line>
      <![CDATA[LaunchingchromeBrowser]]>
    </line>
    <line>
      <![CDATA[LaunchingchromeBrowser]]>
    </line>
  </reporter-output>
  <suite started-at="2024-02-25T14:49:36Z" name="Suite" finished-at="2024-02-25T14:49:44Z" duration-ms="8620">
    <groups>
      <group name="ST">
        <method signature="InvalidLoginTest.invalidLogin()[pri:0, instance:com.AutomationFramework2.TestScript.InvalidLoginTest@b4711e2]" name="invalidLogin" class="com.AutomationFramework2.TestScript.InvalidLoginTest"/>
        <method signature="ValidLoginTest.login()[pri:0, instance:com.AutomationFramework2.TestScript.ValidLoginTest@2796aeae]" name="login" class="com.AutomationFramework2.TestScript.ValidLoginTest"/>
      </group> <!-- ST -->
    </groups>
    <test started-at="2024-02-25T14:49:36Z" name="Test" finished-at="2024-02-25T14:49:44Z" duration-ms="8620">
      <class name="com.AutomationFramework2.TestScript.ValidLoginTest">
        <test-method is-config="true" signature="launchBrowser(java.lang.String)[pri:0, instance:com.AutomationFramework2.TestScript.ValidLoginTest@2796aeae]" started-at="2024-02-25T14:49:36Z" name="launchBrowser" finished-at="2024-02-25T14:49:38Z" duration-ms="2802" status="PASS">
          <params>
            <param index="0">
              <value>
                <![CDATA[chrome]]>
              </value>
            </param>
          </params>
          <reporter-output>
            <line>
              <![CDATA[LaunchingchromeBrowser]]>
            </line>
          </reporter-output>
        </test-method> <!-- launchBrowser -->
        <test-method signature="login()[pri:0, instance:com.AutomationFramework2.TestScript.ValidLoginTest@2796aeae]" started-at="2024-02-25T14:49:38Z" name="login" finished-at="2024-02-25T14:49:40Z" duration-ms="1576" status="PASS">
          <reporter-output>
          </reporter-output>
        </test-method> <!-- login -->
        <test-method is-config="true" signature="closeBrowser()[pri:0, instance:com.AutomationFramework2.TestScript.ValidLoginTest@2796aeae]" started-at="2024-02-25T14:49:40Z" name="closeBrowser" finished-at="2024-02-25T14:49:40Z" duration-ms="222" status="PASS">
          <reporter-output>
          </reporter-output>
        </test-method> <!-- closeBrowser -->
      </class> <!-- com.AutomationFramework2.TestScript.ValidLoginTest -->
      <class name="com.AutomationFramework2.TestScript.InvalidLoginTest">
        <test-method is-config="true" signature="launchBrowser(java.lang.String)[pri:0, instance:com.AutomationFramework2.TestScript.InvalidLoginTest@b4711e2]" started-at="2024-02-25T14:49:40Z" name="launchBrowser" finished-at="2024-02-25T14:49:42Z" duration-ms="1739" status="PASS">
          <params>
            <param index="0">
              <value>
                <![CDATA[chrome]]>
              </value>
            </param>
          </params>
          <reporter-output>
            <line>
              <![CDATA[LaunchingchromeBrowser]]>
            </line>
          </reporter-output>
        </test-method> <!-- launchBrowser -->
        <test-method signature="invalidLogin()[pri:0, instance:com.AutomationFramework2.TestScript.InvalidLoginTest@b4711e2]" started-at="2024-02-25T14:49:42Z" name="invalidLogin" finished-at="2024-02-25T14:49:44Z" duration-ms="2047" status="PASS">
          <reporter-output>
          </reporter-output>
        </test-method> <!-- invalidLogin -->
        <test-method is-config="true" signature="closeBrowser()[pri:0, instance:com.AutomationFramework2.TestScript.InvalidLoginTest@b4711e2]" started-at="2024-02-25T14:49:44Z" name="closeBrowser" finished-at="2024-02-25T14:49:44Z" duration-ms="194" status="PASS">
          <reporter-output>
          </reporter-output>
        </test-method> <!-- closeBrowser -->
      </class> <!-- com.AutomationFramework2.TestScript.InvalidLoginTest -->
    </test> <!-- Test -->
  </suite> <!-- Suite -->
</testng-results>
