<?xml version="1.0" encoding="UTF-8"?>
<!-- Generated by org.testng.reporters.JUnitXMLReporter -->
<testsuite ignored="0" hostname="LAPTOP-KIRAN2" failures="0" tests="5" name="chromeTest" time="19.889" errors="0" timestamp="25 Feb 2024 14:43:49 GMT">
  <testcase classname="com.AutomationFramework2.TestScript.ValidLoginTest" name="login" time="1.58"/>
  <testcase classname="com.AutomationFramework2.TestScript.CreateCustomer_ProjectTest" name="createCustomerAndProject" time="2.747"/>
  <testcase classname="com.AutomationFramework2.TestScript.CreateUserTest" name="createUser" time="2.219"/>
  <testcase classname="com.AutomationFramework2.TestScript.DeleteAllProjectandCustomerTest" name="deleteAllProjectAndCustomer" time="1.333"/>
  <testcase classname="com.AutomationFramework2.TestScript.InvalidLoginTest" name="invalidLogin" time="1.433"/>
</testsuite> <!-- chromeTest -->
