<?xml version="1.0" encoding="UTF-8"?>
<!-- Generated by org.testng.reporters.JUnitXMLReporter -->
<testsuite ignored="0" hostname="LAPTOP-KIRAN2" failures="0" tests="5" name="EdgeTest" time="26.343" errors="0" timestamp="25 Feb 2024 14:44:16 GMT">
  <testcase classname="com.AutomationFramework2.TestScript.ValidLoginTest" name="login" time="1.273"/>
  <testcase classname="com.AutomationFramework2.TestScript.CreateCustomer_ProjectTest" name="createCustomerAndProject" time="3.529"/>
  <testcase classname="com.AutomationFramework2.TestScript.CreateUserTest" name="createUser" time="2.733"/>
  <testcase classname="com.AutomationFramework2.TestScript.DeleteAllProjectandCustomerTest" name="deleteAllProjectAndCustomer" time="1.608"/>
  <testcase classname="com.AutomationFramework2.TestScript.InvalidLoginTest" name="invalidLogin" time="1.616"/>
</testsuite> <!-- EdgeTest -->
