<?xml version="1.0" encoding="UTF-8"?>
<!-- Generated by org.testng.reporters.JUnitXMLReporter -->
<testsuite ignored="0" hostname="LAPTOP-KIRAN2" failures="0" tests="5" name="FirefoxTest" time="15.713" errors="0" timestamp="25 Feb 2024 14:27:58 GMT">
  <testcase classname="com.AutomationFramework2.TestScript.ValidLoginTest" name="login" time="0.659"/>
  <testcase classname="com.AutomationFramework2.TestScript.CreateCustomer_ProjectTest" name="createCustomerAndProject" time="2.141"/>
  <testcase classname="com.AutomationFramework2.TestScript.CreateUserTest" name="createUser" time="1.924"/>
  <testcase classname="com.AutomationFramework2.TestScript.DeleteAllProjectandCustomerTest" name="deleteAllProjectAndCustomer" time="1.315"/>
  <testcase classname="com.AutomationFramework2.TestScript.InvalidLoginTest" name="invalidLogin" time="1.359"/>
</testsuite> <!-- FirefoxTest -->
