<?xml version="1.0" encoding="UTF-8"?>
<!-- Generated by org.testng.reporters.JUnitXMLReporter -->
<testsuite ignored="3" hostname="LAPTOP-KIRAN2" failures="0" tests="2" name="Test" time="8.62" errors="0" timestamp="25 Feb 2024 14:49:44 GMT">
  <testcase classname="com.AutomationFramework2.TestScript.ValidLoginTest" name="login" time="1.576"/>
  <testcase classname="com.AutomationFramework2.TestScript.InvalidLoginTest" name="invalidLogin" time="2.047"/>
  <testcase classname="com.AutomationFramework2.TestScript.CreateCustomer_ProjectTest" name="createCustomerAndProject" time="0.0">
    <ignored/>
  </testcase> <!-- createCustomerAndProject -->
  <testcase classname="com.AutomationFramework2.TestScript.CreateUserTest" name="createUser" time="0.0">
    <ignored/>
  </testcase> <!-- createUser -->
  <testcase classname="com.AutomationFramework2.TestScript.DeleteAllProjectandCustomerTest" name="deleteAllProjectAndCustomer" time="0.0">
    <ignored/>
  </testcase> <!-- deleteAllProjectAndCustomer -->
</testsuite> <!-- Test -->
